<?xml version="1.0" encoding="UTF-8"?>
<testsuites name="Mocha Tests" time="2.328" tests="1" failures="0">
  <testsuite name="Root Suite" timestamp="2025-03-05T06:03:19" tests="0" file="cypress/e2e/test3.cy.js" time="0.000" failures="0">
  </testsuite>
  <testsuite name=" " timestamp="2025-03-05T06:03:19" tests="1" time="2.325" failures="0">
    <testcase name="  1st" time="1.490" classname="1st">
    </testcase>
  </testsuite>
</testsuites>